<?xml version="1.0" encoding="UTF-8"?>
<!-- Generated by org.testng.reporters.JUnitXMLReporter -->
<testsuite ignored="0" hostname="DESKTOP-7MS7V18" failures="1" tests="1" name="Default test(failed)" time="8.214" errors="0" timestamp="20 Dec 2022 05:10:20 GMT">
  <testcase classname="phase3project.EndToEndTest" name="test" time="8.161">
    <failure type="java.lang.AssertionError" message="expected [true] but found [false]">
      <![CDATA[java.lang.AssertionError: expected [true] but found [false]
at phase3project.EndToEndTest.test(EndToEndTest.java:39)
... Removed 29 stack frames]]>
    </failure>
  </testcase> <!-- test -->
</testsuite> <!-- Default test(failed) -->
